{"/home/ubuntu/naebak-admin-dashboard/app/page.tsx": {"path":"/home/ubuntu/naebak-admin-dashboard/app/page.tsx","statementMap":{"0":{"start":{"line":150,"column":24},"end":{"line":150,"column":null}},"1":{"start":{"line":3,"column":36},"end":{"line":3,"column":null}},"2":{"start":{"line":4,"column":18},"end":{"line":4,"column":null}},"3":{"start":{"line":20,"column":7},"end":{"line":20,"column":null}},"4":{"start":{"line":32,"column":17},"end":{"line":69,"column":null}},"5":{"start":{"line":33,"column":23},"end":{"line":39,"column":null}},"6":{"start":{"line":72,"column":20},"end":{"line":92,"column":null}},"7":{"start":{"line":78,"column":10},"end":{"line":79,"column":null}},"8":{"start":{"line":95,"column":23},"end":{"line":147,"column":null}},"9":{"start":{"line":96,"column":21},"end":{"line":102,"column":null}},"10":{"start":{"line":104,"column":26},"end":{"line":113,"column":null}},"11":{"start":{"line":105,"column":4},"end":{"line":112,"column":null}},"12":{"start":{"line":115,"column":24},"end":{"line":122,"column":null}},"13":{"start":{"line":116,"column":4},"end":{"line":121,"column":null}},"14":{"start":{"line":120,"column":15},"end":{"line":120,"column":null}},"15":{"start":{"line":129,"column":10},"end":{"line":129,"column":33}},"16":{"start":{"line":151,"column":40},"end":{"line":151,"column":null}},"17":{"start":{"line":153,"column":2},"end":{"line":159,"column":null}},"18":{"start":{"line":154,"column":18},"end":{"line":156,"column":null}},"19":{"start":{"line":155,"column":6},"end":{"line":155,"column":null}},"20":{"start":{"line":158,"column":4},"end":{"line":158,"column":null}},"21":{"start":{"line":158,"column":17},"end":{"line":158,"column":null}}},"fnMap":{"0":{"name":"(anonymous_2)","decl":{"start":{"line":32,"column":17},"end":{"line":32,"column":18}},"loc":{"start":{"line":32,"column":82},"end":{"line":69,"column":null}}},"1":{"name":"(anonymous_3)","decl":{"start":{"line":72,"column":20},"end":{"line":72,"column":null}},"loc":{"start":{"line":72,"column":20},"end":{"line":92,"column":null}}},"2":{"name":"(anonymous_4)","decl":{"start":{"line":77,"column":62},"end":{"line":77,"column":63}},"loc":{"start":{"line":78,"column":10},"end":{"line":79,"column":null}}},"3":{"name":"(anonymous_5)","decl":{"start":{"line":95,"column":23},"end":{"line":95,"column":null}},"loc":{"start":{"line":95,"column":23},"end":{"line":147,"column":null}}},"4":{"name":"(anonymous_6)","decl":{"start":{"line":104,"column":26},"end":{"line":104,"column":27}},"loc":{"start":{"line":104,"column":27},"end":{"line":113,"column":null}}},"5":{"name":"(anonymous_7)","decl":{"start":{"line":115,"column":24},"end":{"line":115,"column":25}},"loc":{"start":{"line":115,"column":25},"end":{"line":122,"column":null}}},"6":{"name":"(anonymous_8)","decl":{"start":{"line":128,"column":24},"end":{"line":128,"column":25}},"loc":{"start":{"line":129,"column":10},"end":{"line":129,"column":33}}},"7":{"name":"AdminDashboard","decl":{"start":{"line":150,"column":24},"end":{"line":150,"column":null}},"loc":{"start":{"line":150,"column":24},"end":{"line":289,"column":null}}},"8":{"name":"(anonymous_10)","decl":{"start":{"line":153,"column":12},"end":{"line":153,"column":null}},"loc":{"start":{"line":153,"column":12},"end":{"line":159,"column":5}}},"9":{"name":"(anonymous_11)","decl":{"start":{"line":154,"column":30},"end":{"line":154,"column":null}},"loc":{"start":{"line":154,"column":30},"end":{"line":156,"column":7}}},"10":{"name":"(anonymous_12)","decl":{"start":{"line":158,"column":11},"end":{"line":158,"column":17}},"loc":{"start":{"line":158,"column":17},"end":{"line":158,"column":null}}}},"branchMap":{"0":{"loc":{"start":{"line":42,"column":4},"end":{"line":43,"column":19}},"type":"cond-expr","locations":[{"start":{"line":42,"column":4},"end":{"line":43,"column":19}}]},"1":{"loc":{"start":{"line":44,"column":4},"end":{"line":45,"column":5}},"type":"cond-expr","locations":[{"start":{"line":44,"column":4},"end":{"line":45,"column":5}}]},"2":{"loc":{"start":{"line":59,"column":14},"end":{"line":60,"column":null}},"type":"cond-expr","locations":[{"start":{"line":59,"column":42},"end":{"line":59,"column":null}},{"start":{"line":60,"column":14},"end":{"line":60,"column":null}}]},"3":{"loc":{"start":{"line":60,"column":14},"end":{"line":60,"column":null}},"type":"cond-expr","locations":[{"start":{"line":60,"column":42},"end":{"line":60,"column":59}},{"start":{"line":60,"column":59},"end":{"line":60,"column":null}}]},"4":{"loc":{"start":{"line":116,"column":4},"end":{"line":121,"column":null}},"type":"switch","locations":[{"start":{"line":120,"column":6},"end":{"line":120,"column":null}}]}},"s":{"0":19,"1":2,"2":2,"3":2,"4":2,"5":76,"6":2,"7":228,"8":2,"9":19,"10":19,"11":95,"12":19,"13":95,"14":0,"15":95,"16":19,"17":19,"18":19,"19":0,"20":19,"21":19},"f":{"0":76,"1":19,"2":228,"3":19,"4":95,"5":95,"6":95,"7":19,"8":19,"9":0,"10":19},"b":{"0":[38],"1":[19],"2":[38,38],"3":[19,19],"4":[0]}}
}
