TN:
SF:app/page.tsx
FN:32,(anonymous_2)
FN:72,(anonymous_3)
FN:77,(anonymous_4)
FN:95,(anonymous_5)
FN:104,(anonymous_6)
FN:115,(anonymous_7)
FN:128,(anonymous_8)
FN:150,AdminDashboard
FN:153,(anonymous_10)
FN:154,(anonymous_11)
FN:158,(anonymous_12)
FNF:11
FNH:10
FNDA:76,(anonymous_2)
FNDA:19,(anonymous_3)
FNDA:228,(anonymous_4)
FNDA:19,(anonymous_5)
FNDA:95,(anonymous_6)
FNDA:95,(anonymous_7)
FNDA:95,(anonymous_8)
FNDA:19,AdminDashboard
FNDA:19,(anonymous_10)
FNDA:0,(anonymous_11)
FNDA:19,(anonymous_12)
DA:3,2
DA:4,2
DA:20,2
DA:32,2
DA:33,76
DA:72,2
DA:78,228
DA:95,2
DA:96,19
DA:104,19
DA:105,95
DA:115,19
DA:116,95
DA:120,0
DA:129,95
DA:150,19
DA:151,19
DA:153,19
DA:154,19
DA:155,0
DA:158,19
LF:21
LH:19
BRDA:42,0,0,38
BRDA:44,1,0,19
BRDA:59,2,0,38
BRDA:59,2,1,38
BRDA:60,3,0,19
BRDA:60,3,1,19
BRDA:116,4,0,0
BRF:7
BRH:6
end_of_record
